<?xml version="1.0" encoding="UTF-8"?>
<!-- Generated by org.testng.reporters.JUnitReportReporter -->
<testsuite hostname="DESKTOP-MA7LGP5" failures="0" tests="3" name="com.testng.com.Parallel10" time="0.079" errors="0" timestamp="2023-03-20T16:39:54 IST" skipped="0">
  <testcase classname="com.testng.com.Parallel10" name="gamma" time="0.022"/>
  <testcase classname="com.testng.com.Parallel10" name="alpha" time="0.031"/>
  <testcase classname="com.testng.com.Parallel10" name="Beta" time="0.026"/>
</testsuite> <!-- com.testng.com.Parallel10 -->
