<?xml version="1.0" encoding="UTF-8"?>
<!-- Generated by org.testng.reporters.JUnitReportReporter -->
<testsuite hostname="DESKTOP-MA7LGP5" failures="0" tests="3" name="com.testng.com.Parameter9_02" time="0.017" errors="0" timestamp="2023-03-20T16:50:30 IST" skipped="0">
  <testcase classname="com.testng.com.Parameter9_02" name="gamma" time="0.002"/>
  <testcase classname="com.testng.com.Parameter9_02" name="beta" time="0.002"/>
  <testcase classname="com.testng.com.Parameter9_02" name="alpha" time="0.013"/>
</testsuite> <!-- com.testng.com.Parameter9_02 -->
