<?xml version="1.0" encoding="UTF-8"?>
<!-- Generated by org.testng.reporters.JUnitReportReporter -->
<testsuite hostname="DESKTOP-MA7LGP5" failures="0" tests="4" name="com.testng.com.Parameter9_01" time="0.021" errors="0" timestamp="2023-03-20T16:47:35 IST" skipped="0">
  <testcase classname="com.testng.com.Parameter9_01" name="alpha" time="0.013"/>
  <testcase classname="com.testng.com.Parameter9_01" name="gamma" time="0.004"/>
  <testcase classname="com.testng.com.Parameter9_01" name="age" time="0.002"/>
  <testcase classname="com.testng.com.Parameter9_01" name="beta" time="0.002"/>
</testsuite> <!-- com.testng.com.Parameter9_01 -->
