<?xml version="1.0" encoding="UTF-8"?>
<!-- Generated by org.testng.reporters.JUnitReportReporter -->
<testsuite hostname="DESKTOP-MA7LGP5" failures="0" tests="5" name="com.testng.com.Ignore" time="0.104" errors="0" timestamp="2023-03-20T16:39:54 IST" skipped="2">
  <testcase classname="com.testng.com.Ignore" name="symbol" time="0.019"/>
  <testcase classname="com.testng.com.Ignore" name="alpha" time="0.059"/>
  <testcase classname="com.testng.com.Ignore" name="delta" time="0.026"/>
  <testcase classname="com.testng.com.Ignore" name="gamma">
    <skipped/>
  </testcase> <!-- gamma -->
  <testcase classname="com.testng.com.Ignore" name="beta">
    <skipped/>
  </testcase> <!-- beta -->
</testsuite> <!-- com.testng.com.Ignore -->
