<?xml version="1.0" encoding="UTF-8"?>
<!-- Generated by org.testng.reporters.JUnitReportReporter -->
<testsuite hostname="DESKTOP-MA7LGP5" failures="0" tests="2" name="com.testng.com.Grouping4" time="0.016" errors="0" timestamp="2023-03-20T16:36:49 IST" skipped="0">
  <testcase classname="com.testng.com.Grouping4" name="delta" time="0.014"/>
  <testcase classname="com.testng.com.Grouping4" name="gamma" time="0.002"/>
</testsuite> <!-- com.testng.com.Grouping4 -->
