<?xml version="1.0" encoding="UTF-8"?>
<!-- Generated by org.testng.reporters.JUnitReportReporter -->
<testsuite hostname="DESKTOP-MA7LGP5" failures="0" tests="3" name="com.testng.com.Parameterdataprovider" time="0.024" errors="0" timestamp="2023-03-20T16:58:45 IST" skipped="0">
  <testcase classname="com.testng.com.Parameterdataprovider" name="method" time="0.007"/>
  <testcase classname="com.testng.com.Parameterdataprovider" name="method" time="0.003"/>
  <testcase classname="com.testng.com.Parameterdataprovider" name="method" time="0.014"/>
</testsuite> <!-- com.testng.com.Parameterdataprovider -->
