<?xml version="1.0" encoding="UTF-8"?>
<!-- Generated by org.testng.reporters.JUnitReportReporter -->
<testsuite hostname="DESKTOP-MA7LGP5" failures="0" tests="2" name="com.testng.com.SimpleAnnotations1" time="0.017" errors="0" timestamp="2023-03-20T16:53:13 IST" skipped="0">
  <testcase classname="com.testng.com.SimpleAnnotations1" name="searchbooks" time="0.003"/>
  <testcase classname="com.testng.com.SimpleAnnotations1" name="searchTshirt" time="0.014"/>
</testsuite> <!-- com.testng.com.SimpleAnnotations1 -->
